00:03:59.387 [Thread-69] INFO  o.q.c.QuartzScheduler - [standby,585] - Scheduler RuoyiScheduler_$_WenCheng-Pro161765382108750 paused.
00:04:00.597 [Thread-69] INFO  c.f.a.w.AlertWebSocketServer - [onClose,60] - 客户端 client_1765382130440_lzfgfsz2a 断开连接，当前在线数：0
00:04:00.690 [Thread-69] INFO  o.q.c.QuartzScheduler - [shutdown,666] - Scheduler RuoyiScheduler_$_WenCheng-Pro161765382108750 shutting down.
00:04:00.690 [Thread-69] INFO  o.q.c.QuartzScheduler - [standby,585] - Scheduler RuoyiScheduler_$_WenCheng-Pro161765382108750 paused.
00:04:00.693 [Thread-69] INFO  o.q.c.QuartzScheduler - [shutdown,740] - Scheduler RuoyiScheduler_$_WenCheng-Pro161765382108750 shutdown complete.
00:04:00.695 [Thread-69] INFO  sys-user - [shutdownAsyncManager,31] - ====关闭后台任务任务线程池====
00:04:00.710 [Thread-69] INFO  c.a.d.p.DruidDataSource - [close,2071] - {dataSource-1} closing ...
00:04:00.729 [Thread-69] INFO  c.a.d.p.DruidDataSource - [close,2144] - {dataSource-1} closed
00:04:02.203 [restartedMain] INFO  c.f.FrogApplication - [logStarting,55] - Starting FrogApplication using Java 1.8.0_333 on WenCheng-Pro16 with PID 17176 (D:\zhnlrjcs\znwl-agriculture-server-no\frog-admin\target\classes started by Wen Yi in D:\zhnlrjcs\znwl-agriculture-server-no)
00:04:02.203 [restartedMain] INFO  c.f.FrogApplication - [logStartupProfileInfo,659] - No active profile set, falling back to default profiles: default
00:04:09.592 [restartedMain] INFO  o.a.c.h.Http11NioProtocol - [log,173] - Initializing ProtocolHandler ["http-nio-8081"]
00:04:09.592 [restartedMain] INFO  o.a.c.c.StandardService - [log,173] - Starting service [Tomcat]
00:04:09.594 [restartedMain] INFO  o.a.c.c.StandardEngine - [log,173] - Starting Servlet engine: [Apache Tomcat/9.0.54]
00:04:09.758 [restartedMain] INFO  o.a.c.c.C.[.[.[/] - [log,173] - Initializing Spring embedded WebApplicationContext
00:04:13.215 [restartedMain] INFO  o.f.b.s.n.ConnectionManager - [<init>,88] -  all connections, size: 1, list: [ConnectionInfo{host='192.168.1.5', port=20200}]
00:04:13.217 [restartedMain] INFO  o.f.b.s.n.NetworkImp - [start,167] - 
* TRACE INFORMATION:
----------------------------
====> STEP1: try to connect nodes with ecdsa context...

00:04:13.217 [restartedMain] INFO  o.f.b.s.n.NetworkImp - [start,174] - ====> <==== STEP1-1: Load certificates for ecdsa context success..., start connManager with ECDSA sslContext
00:04:13.280 [restartedMain] INFO  o.f.b.s.n.ConnectionManager - [initSslContext,238] -  build ECDSA ssl context with configured certificates 
00:04:13.359 [restartedMain] INFO  o.f.b.s.n.ConnectionManager - [checkConnectionResult,402] -  ssl handshake success 192.168.1.5:20200
00:04:13.360 [nioEventLoopGroup-8-1] INFO  o.f.b.s.n.ChannelHandler - [userEventTriggered,73] -  handshake success, host: 192.168.1.5, port: 20200, ctx: 595939280
00:04:13.370 [nioEventLoopGroup-8-1] INFO  o.f.b.s.c.ChannelImp - [onResponse,225] -  node: ClientVersion{version='2.11.0', supportedVersion='2.11.0', chainId='1', buildTime='20240520 01:38:47', buildType='Linux/g++/Release', gitBranch='HEAD', gitCommitHash='bee4dda033297443f02774973445d954933db885'}, content: {"id":1,"jsonrpc":"2.0","result":{"Build Time":"20240520 01:38:47","Build Type":"Linux/g++/Release","Chain Id":"1","FISCO-BCOS Version":"2.11.0","Git Branch":"HEAD","Git Commit Hash":"bee4dda033297443f02774973445d954933db885","Supported Version":"2.11.0"}}

00:04:13.372 [nioEventLoopGroup-8-1] INFO  o.f.b.s.c.ChannelImp - [onResponse,233] -  support channel handshake node
00:04:13.375 [nioEventLoopGroup-8-1] INFO  o.f.b.s.c.ChannelImp - [onResponse,309] -  channel protocol handshake success, set socket channel protocol, host: 192.168.1.5:20200, channel protocol: ChannelProtocol [protocol=3, nodeVersion=2.11.0, EnumProtocol=VERSION_3]
00:04:13.395 [restartedMain] INFO  o.f.b.s.c.ChannelImp - [checkConnectionsToStartPeriodTask,126] -  Connect to  nodes: 192.168.1.5:20200, 
00:04:13.397 [restartedMain] INFO  o.f.bcos.sdk.BcosSDK - [<init>,77] - create BcosSDK, start channel success, cryptoType: 0
00:04:13.400 [restartedMain] INFO  o.f.bcos.sdk.BcosSDK - [<init>,87] - create BcosSDK, start channel succ, channelProcessorThreadSize: 16, receiptProcessorThreadSize: 16
00:04:13.405 [restartedMain] INFO  o.f.b.s.s.GroupManagerServiceImpl - [registerBlockNumberNotifyHandler,260] - registerBlockNumberNotifyHandler
00:04:13.407 [restartedMain] INFO  o.f.b.s.s.GroupManagerServiceImpl - [registerTransactionNotifyHandler,282] - registerTransactionNotifyHandler
00:04:13.431 [restartedMain] INFO  o.f.bcos.sdk.BcosSDK - [<init>,98] - create BcosSDK, create groupManagerService success
00:04:13.616 [restartedMain] INFO  o.f.b.s.amop.AmopImp - [sendSubscribe,216] - update subscribe inform 1 peers
00:04:13.619 [restartedMain] INFO  o.f.b.s.amop.AmopImp - [start,188] - amop module started
00:04:13.620 [restartedMain] INFO  o.f.b.s.amop.AmopImp - [sendSubscribe,216] - update subscribe inform 1 peers
00:04:13.620 [restartedMain] INFO  o.f.bcos.sdk.BcosSDK - [<init>,103] - create BcosSDK, create Amop success
00:04:13.675 [restartedMain] INFO  o.f.b.s.c.Client - [build,114] - build client success for group 1, crypto type 0
00:04:13.675 [restartedMain] INFO  o.f.bcos.sdk.BcosSDK - [getClient,178] - create client for group 1 success
00:04:13.684 [restartedMain] INFO  c.f.I.c.SdkBeanConfig - [client,55] - Chain connect successful. Current block number 452
00:04:14.951 [restartedMain] INFO  c.a.d.p.DruidDataSource - [init,998] - {dataSource-2} inited
00:04:16.332 [restartedMain] INFO  o.q.i.StdSchedulerFactory - [instantiate,1220] - Using default implementation for ThreadExecutor
00:04:16.337 [restartedMain] INFO  o.q.c.SchedulerSignalerImpl - [<init>,61] - Initialized Scheduler Signaller of type: class org.quartz.core.SchedulerSignalerImpl
00:04:16.337 [restartedMain] INFO  o.q.c.QuartzScheduler - [<init>,229] - Quartz Scheduler v.2.3.2 created.
00:04:16.337 [restartedMain] INFO  o.q.c.QuartzScheduler - [initialize,294] - Scheduler meta-data: Quartz Scheduler (v2.3.2) 'RuoyiScheduler' with instanceId 'WenCheng-Pro161765382656334'
  Scheduler class: 'org.quartz.core.QuartzScheduler' - running locally.
  NOT STARTED.
  Currently in standby mode.
  Number of jobs executed: 0
  Using thread pool 'org.quartz.simpl.SimpleThreadPool' - with 20 threads.
  Using job-store 'org.springframework.scheduling.quartz.LocalDataSourceJobStore' - which supports persistence. and is clustered.

00:04:16.337 [restartedMain] INFO  o.q.i.StdSchedulerFactory - [instantiate,1374] - Quartz scheduler 'RuoyiScheduler' initialized from an externally provided properties instance.
00:04:16.338 [restartedMain] INFO  o.q.i.StdSchedulerFactory - [instantiate,1378] - Quartz scheduler version: 2.3.2
00:04:16.338 [restartedMain] INFO  o.q.c.QuartzScheduler - [setJobFactory,2293] - JobFactory set to: org.springframework.scheduling.quartz.AdaptableJobFactory@54a64dbf
00:04:18.843 [restartedMain] INFO  c.f.a.u.DeviceStatusUtil - [lambda$initializeSensorCommands$2,100] - 加载传感器指令 - 类型：1，指令：01 03 00 00 00 02 C4 0B
00:04:18.843 [restartedMain] INFO  c.f.a.u.DeviceStatusUtil - [lambda$initializeSensorCommands$2,100] - 加载传感器指令 - 类型：2，指令：02 03 01 F4 00 08 04 31
00:04:18.843 [restartedMain] INFO  c.f.a.u.DeviceStatusUtil - [lambda$initializeSensorCommands$2,100] - 加载传感器指令 - 类型：3，指令：03 03 00 00 00 01 85 E8
00:04:18.845 [restartedMain] INFO  c.f.a.u.DeviceStatusUtil - [lambda$initializeSensorCommands$2,100] - 加载传感器指令 - 类型：4，指令：04 03 00 00 00 02 C4 5E
00:04:18.845 [restartedMain] INFO  c.f.a.u.DeviceStatusUtil - [lambda$initializeSensorCommands$2,100] - 加载传感器指令 - 类型：5，指令：05 03 00 00 00 01 85 8E
00:04:18.845 [restartedMain] INFO  c.f.a.u.DeviceStatusUtil - [lambda$initializeSensorCommands$2,100] - 加载传感器指令 - 类型：6，指令：06 03 00 00 00 04 45 BE
00:04:18.845 [restartedMain] INFO  c.f.a.u.DeviceStatusUtil - [lambda$initializeSensorCommands$2,100] - 加载传感器指令 - 类型：8，指令：08 03 00 05 00 03 15 53
00:04:18.845 [restartedMain] INFO  c.f.a.u.DeviceStatusUtil - [lambda$initializeSensorCommands$2,100] - 加载传感器指令 - 类型：2452，指令：254
00:04:18.848 [restartedMain] INFO  c.f.a.u.ThresholdConfigUtil - [initializeThresholdConfig,57] - 传感器阈值配置初始化完成，共配置8个参数阈值
00:04:23.603 [restartedMain] INFO  o.a.c.h.Http11NioProtocol - [log,173] - Starting ProtocolHandler ["http-nio-8081"]
00:04:24.674 [restartedMain] INFO  c.f.FrogApplication - [logStarted,61] - Started FrogApplication in 22.781 seconds (JVM running for 583.415)
00:04:24.900 [http-nio-8081-exec-1] INFO  o.a.c.c.C.[.[.[/] - [log,173] - Initializing Spring DispatcherServlet 'dispatcherServlet'
00:04:25.685 [Quartz Scheduler [RuoyiScheduler]] INFO  o.q.c.QuartzScheduler - [start,547] - Scheduler RuoyiScheduler_$_WenCheng-Pro161765382656334 started.
00:04:27.601 [http-nio-8081-exec-4] INFO  c.f.a.w.AlertWebSocketServer - [onOpen,38] - 收到新的连接请求，clientId: client_1765382130440_lzfgfsz2a
00:04:27.601 [http-nio-8081-exec-4] INFO  c.f.a.w.AlertWebSocketServer - [onOpen,53] - 客户端 client_1765382130440_lzfgfsz2a 连接成功，当前在线数：1
00:05:48.193 [Thread-96] INFO  o.q.c.QuartzScheduler - [standby,585] - Scheduler RuoyiScheduler_$_WenCheng-Pro161765382656334 paused.
00:05:49.169 [Thread-96] INFO  c.f.a.w.AlertWebSocketServer - [onClose,60] - 客户端 client_1765382130440_lzfgfsz2a 断开连接，当前在线数：0
00:05:49.195 [Thread-96] INFO  o.q.c.QuartzScheduler - [shutdown,666] - Scheduler RuoyiScheduler_$_WenCheng-Pro161765382656334 shutting down.
00:05:49.195 [Thread-96] INFO  o.q.c.QuartzScheduler - [standby,585] - Scheduler RuoyiScheduler_$_WenCheng-Pro161765382656334 paused.
00:05:49.195 [Thread-96] INFO  o.q.c.QuartzScheduler - [shutdown,740] - Scheduler RuoyiScheduler_$_WenCheng-Pro161765382656334 shutdown complete.
00:05:49.195 [Thread-96] INFO  sys-user - [shutdownAsyncManager,31] - ====关闭后台任务任务线程池====
00:05:49.211 [Thread-96] INFO  c.a.d.p.DruidDataSource - [close,2071] - {dataSource-2} closing ...
00:05:49.217 [Thread-96] INFO  c.a.d.p.DruidDataSource - [close,2144] - {dataSource-2} closed
00:05:50.453 [restartedMain] INFO  c.f.FrogApplication - [logStarting,55] - Starting FrogApplication using Java 1.8.0_333 on WenCheng-Pro16 with PID 17176 (D:\zhnlrjcs\znwl-agriculture-server-no\frog-admin\target\classes started by Wen Yi in D:\zhnlrjcs\znwl-agriculture-server-no)
00:05:50.453 [restartedMain] INFO  c.f.FrogApplication - [logStartupProfileInfo,659] - No active profile set, falling back to default profiles: default
00:05:57.401 [restartedMain] INFO  o.a.c.h.Http11NioProtocol - [log,173] - Initializing ProtocolHandler ["http-nio-8081"]
00:05:57.402 [restartedMain] INFO  o.a.c.c.StandardService - [log,173] - Starting service [Tomcat]
00:05:57.402 [restartedMain] INFO  o.a.c.c.StandardEngine - [log,173] - Starting Servlet engine: [Apache Tomcat/9.0.54]
00:05:57.559 [restartedMain] INFO  o.a.c.c.C.[.[.[/] - [log,173] - Initializing Spring embedded WebApplicationContext
00:06:00.974 [restartedMain] INFO  o.f.b.s.n.ConnectionManager - [<init>,88] -  all connections, size: 1, list: [ConnectionInfo{host='192.168.1.5', port=20200}]
00:06:00.974 [restartedMain] INFO  o.f.b.s.n.NetworkImp - [start,167] - 
* TRACE INFORMATION:
----------------------------
====> STEP1: try to connect nodes with ecdsa context...

00:06:00.974 [restartedMain] INFO  o.f.b.s.n.NetworkImp - [start,174] - ====> <==== STEP1-1: Load certificates for ecdsa context success..., start connManager with ECDSA sslContext
00:06:01.021 [restartedMain] INFO  o.f.b.s.n.ConnectionManager - [initSslContext,238] -  build ECDSA ssl context with configured certificates 
00:06:01.037 [nioEventLoopGroup-12-1] INFO  o.f.b.s.n.ChannelHandler - [userEventTriggered,73] -  handshake success, host: 192.168.1.5, port: 20200, ctx: 1055836540
00:06:01.037 [restartedMain] INFO  o.f.b.s.n.ConnectionManager - [checkConnectionResult,402] -  ssl handshake success 192.168.1.5:20200
00:06:01.041 [nioEventLoopGroup-12-1] INFO  o.f.b.s.c.ChannelImp - [onResponse,225] -  node: ClientVersion{version='2.11.0', supportedVersion='2.11.0', chainId='1', buildTime='20240520 01:38:47', buildType='Linux/g++/Release', gitBranch='HEAD', gitCommitHash='bee4dda033297443f02774973445d954933db885'}, content: {"id":2,"jsonrpc":"2.0","result":{"Build Time":"20240520 01:38:47","Build Type":"Linux/g++/Release","Chain Id":"1","FISCO-BCOS Version":"2.11.0","Git Branch":"HEAD","Git Commit Hash":"bee4dda033297443f02774973445d954933db885","Supported Version":"2.11.0"}}

00:06:01.042 [nioEventLoopGroup-12-1] INFO  o.f.b.s.c.ChannelImp - [onResponse,233] -  support channel handshake node
00:06:01.043 [nioEventLoopGroup-12-1] INFO  o.f.b.s.c.ChannelImp - [onResponse,309] -  channel protocol handshake success, set socket channel protocol, host: 192.168.1.5:20200, channel protocol: ChannelProtocol [protocol=3, nodeVersion=2.11.0, EnumProtocol=VERSION_3]
00:06:01.073 [restartedMain] INFO  o.f.b.s.c.ChannelImp - [checkConnectionsToStartPeriodTask,126] -  Connect to  nodes: 192.168.1.5:20200, 
00:06:01.073 [restartedMain] INFO  o.f.bcos.sdk.BcosSDK - [<init>,77] - create BcosSDK, start channel success, cryptoType: 0
00:06:01.073 [restartedMain] INFO  o.f.bcos.sdk.BcosSDK - [<init>,87] - create BcosSDK, start channel succ, channelProcessorThreadSize: 16, receiptProcessorThreadSize: 16
00:06:01.075 [restartedMain] INFO  o.f.b.s.s.GroupManagerServiceImpl - [registerBlockNumberNotifyHandler,260] - registerBlockNumberNotifyHandler
00:06:01.075 [restartedMain] INFO  o.f.b.s.s.GroupManagerServiceImpl - [registerTransactionNotifyHandler,282] - registerTransactionNotifyHandler
00:06:01.081 [restartedMain] INFO  o.f.bcos.sdk.BcosSDK - [<init>,98] - create BcosSDK, create groupManagerService success
00:06:01.153 [restartedMain] INFO  o.f.b.s.amop.AmopImp - [sendSubscribe,216] - update subscribe inform 1 peers
00:06:01.153 [restartedMain] INFO  o.f.b.s.amop.AmopImp - [start,188] - amop module started
00:06:01.153 [restartedMain] INFO  o.f.b.s.amop.AmopImp - [sendSubscribe,216] - update subscribe inform 1 peers
00:06:01.154 [restartedMain] INFO  o.f.bcos.sdk.BcosSDK - [<init>,103] - create BcosSDK, create Amop success
00:06:01.193 [restartedMain] INFO  o.f.b.s.c.Client - [build,114] - build client success for group 1, crypto type 0
00:06:01.194 [restartedMain] INFO  o.f.bcos.sdk.BcosSDK - [getClient,178] - create client for group 1 success
00:06:01.199 [restartedMain] INFO  c.f.I.c.SdkBeanConfig - [client,55] - Chain connect successful. Current block number 452
00:06:02.157 [restartedMain] INFO  c.a.d.p.DruidDataSource - [init,998] - {dataSource-3} inited
00:06:03.378 [restartedMain] INFO  o.q.i.StdSchedulerFactory - [instantiate,1220] - Using default implementation for ThreadExecutor
00:06:03.381 [restartedMain] INFO  o.q.c.SchedulerSignalerImpl - [<init>,61] - Initialized Scheduler Signaller of type: class org.quartz.core.SchedulerSignalerImpl
00:06:03.383 [restartedMain] INFO  o.q.c.QuartzScheduler - [<init>,229] - Quartz Scheduler v.2.3.2 created.
00:06:03.383 [restartedMain] INFO  o.q.c.QuartzScheduler - [initialize,294] - Scheduler meta-data: Quartz Scheduler (v2.3.2) 'RuoyiScheduler' with instanceId 'WenCheng-Pro161765382763380'
  Scheduler class: 'org.quartz.core.QuartzScheduler' - running locally.
  NOT STARTED.
  Currently in standby mode.
  Number of jobs executed: 0
  Using thread pool 'org.quartz.simpl.SimpleThreadPool' - with 20 threads.
  Using job-store 'org.springframework.scheduling.quartz.LocalDataSourceJobStore' - which supports persistence. and is clustered.

00:06:03.383 [restartedMain] INFO  o.q.i.StdSchedulerFactory - [instantiate,1374] - Quartz scheduler 'RuoyiScheduler' initialized from an externally provided properties instance.
00:06:03.383 [restartedMain] INFO  o.q.i.StdSchedulerFactory - [instantiate,1378] - Quartz scheduler version: 2.3.2
00:06:03.383 [restartedMain] INFO  o.q.c.QuartzScheduler - [setJobFactory,2293] - JobFactory set to: org.springframework.scheduling.quartz.AdaptableJobFactory@8aeba5c
00:06:05.400 [restartedMain] INFO  c.f.a.u.DeviceStatusUtil - [lambda$initializeSensorCommands$2,100] - 加载传感器指令 - 类型：1，指令：01 03 00 00 00 02 C4 0B
00:06:05.400 [restartedMain] INFO  c.f.a.u.DeviceStatusUtil - [lambda$initializeSensorCommands$2,100] - 加载传感器指令 - 类型：2，指令：02 03 01 F4 00 08 04 31
00:06:05.400 [restartedMain] INFO  c.f.a.u.DeviceStatusUtil - [lambda$initializeSensorCommands$2,100] - 加载传感器指令 - 类型：3，指令：03 03 00 00 00 01 85 E8
00:06:05.400 [restartedMain] INFO  c.f.a.u.DeviceStatusUtil - [lambda$initializeSensorCommands$2,100] - 加载传感器指令 - 类型：4，指令：04 03 00 00 00 02 C4 5E
00:06:05.401 [restartedMain] INFO  c.f.a.u.DeviceStatusUtil - [lambda$initializeSensorCommands$2,100] - 加载传感器指令 - 类型：5，指令：05 03 00 00 00 01 85 8E
00:06:05.401 [restartedMain] INFO  c.f.a.u.DeviceStatusUtil - [lambda$initializeSensorCommands$2,100] - 加载传感器指令 - 类型：6，指令：06 03 00 00 00 04 45 BE
00:06:05.401 [restartedMain] INFO  c.f.a.u.DeviceStatusUtil - [lambda$initializeSensorCommands$2,100] - 加载传感器指令 - 类型：8，指令：08 03 00 05 00 03 15 53
00:06:05.401 [restartedMain] INFO  c.f.a.u.DeviceStatusUtil - [lambda$initializeSensorCommands$2,100] - 加载传感器指令 - 类型：2452，指令：254
00:06:05.404 [restartedMain] INFO  c.f.a.u.ThresholdConfigUtil - [initializeThresholdConfig,57] - 传感器阈值配置初始化完成，共配置8个参数阈值
00:06:08.884 [http-nio-8081-exec-1] INFO  c.f.a.w.AlertWebSocketServer - [onOpen,38] - 收到新的连接请求，clientId: client_1765382130440_lzfgfsz2a
00:06:08.884 [http-nio-8081-exec-1] INFO  c.f.a.w.AlertWebSocketServer - [onOpen,53] - 客户端 client_1765382130440_lzfgfsz2a 连接成功，当前在线数：1
00:06:09.447 [restartedMain] INFO  c.f.FrogApplication - [logStarted,61] - Started FrogApplication in 19.233 seconds (JVM running for 688.187)
00:06:10.290 [SpringApplicationShutdownHook] INFO  c.f.a.w.AlertWebSocketServer - [onClose,60] - 客户端 client_1765382130440_lzfgfsz2a 断开连接，当前在线数：0
00:06:10.399 [SpringApplicationShutdownHook] INFO  o.q.c.QuartzScheduler - [shutdown,666] - Scheduler RuoyiScheduler_$_WenCheng-Pro161765382763380 shutting down.
00:06:10.399 [SpringApplicationShutdownHook] INFO  o.q.c.QuartzScheduler - [standby,585] - Scheduler RuoyiScheduler_$_WenCheng-Pro161765382763380 paused.
00:06:10.400 [SpringApplicationShutdownHook] INFO  o.q.c.QuartzScheduler - [shutdown,740] - Scheduler RuoyiScheduler_$_WenCheng-Pro161765382763380 shutdown complete.
00:06:10.400 [SpringApplicationShutdownHook] INFO  sys-user - [shutdownAsyncManager,31] - ====关闭后台任务任务线程池====
00:06:10.407 [SpringApplicationShutdownHook] INFO  c.a.d.p.DruidDataSource - [close,2071] - {dataSource-3} closing ...
00:06:10.414 [SpringApplicationShutdownHook] INFO  c.a.d.p.DruidDataSource - [close,2144] - {dataSource-3} closed
00:16:05.309 [restartedMain] INFO  c.f.FrogApplication - [logStarting,55] - Starting FrogApplication using Java 1.8.0_333 on WenCheng-Pro16 with PID 27784 (D:\zhnlrjcs\znwl-agriculture-server-no\frog-admin\target\classes started by Wen Yi in D:\zhnlrjcs\znwl-agriculture-server-no)
00:16:05.315 [restartedMain] INFO  c.f.FrogApplication - [logStartupProfileInfo,659] - No active profile set, falling back to default profiles: default
00:16:05.335 [background-preinit] INFO  o.h.v.i.util.Version - [<clinit>,21] - HV000001: Hibernate Validator 6.2.0.Final
00:16:13.965 [restartedMain] INFO  o.a.c.h.Http11NioProtocol - [log,173] - Initializing ProtocolHandler ["http-nio-8081"]
00:16:13.967 [restartedMain] INFO  o.a.c.c.StandardService - [log,173] - Starting service [Tomcat]
00:16:13.967 [restartedMain] INFO  o.a.c.c.StandardEngine - [log,173] - Starting Servlet engine: [Apache Tomcat/9.0.54]
00:16:14.352 [restartedMain] INFO  o.a.c.c.C.[.[.[/] - [log,173] - Initializing Spring embedded WebApplicationContext
00:16:21.038 [restartedMain] INFO  o.f.b.s.n.ConnectionManager - [<init>,88] -  all connections, size: 1, list: [ConnectionInfo{host='192.168.1.5', port=20200}]
00:16:21.038 [restartedMain] INFO  o.f.b.s.n.NetworkImp - [start,167] - 
* TRACE INFORMATION:
----------------------------
====> STEP1: try to connect nodes with ecdsa context...

00:16:21.039 [restartedMain] INFO  o.f.b.s.n.NetworkImp - [start,174] - ====> <==== STEP1-1: Load certificates for ecdsa context success..., start connManager with ECDSA sslContext
00:16:21.098 [restartedMain] INFO  o.f.b.s.n.ConnectionManager - [initSslContext,238] -  build ECDSA ssl context with configured certificates 
00:16:24.940 [restartedMain] INFO  o.f.b.s.n.ConnectionManager - [checkConnectionResult,402] -  ssl handshake success 192.168.1.5:20200
00:16:24.945 [nioEventLoopGroup-4-1] INFO  o.f.b.s.n.ChannelHandler - [userEventTriggered,73] -  handshake success, host: 192.168.1.5, port: 20200, ctx: 71771535
00:16:25.137 [nioEventLoopGroup-4-1] INFO  o.f.b.s.c.ChannelImp - [onResponse,225] -  node: ClientVersion{version='2.11.0', supportedVersion='2.11.0', chainId='1', buildTime='20240520 01:38:47', buildType='Linux/g++/Release', gitBranch='HEAD', gitCommitHash='bee4dda033297443f02774973445d954933db885'}, content: {"id":0,"jsonrpc":"2.0","result":{"Build Time":"20240520 01:38:47","Build Type":"Linux/g++/Release","Chain Id":"1","FISCO-BCOS Version":"2.11.0","Git Branch":"HEAD","Git Commit Hash":"bee4dda033297443f02774973445d954933db885","Supported Version":"2.11.0"}}

00:16:25.140 [nioEventLoopGroup-4-1] INFO  o.f.b.s.c.ChannelImp - [onResponse,233] -  support channel handshake node
00:16:25.149 [nioEventLoopGroup-4-1] INFO  o.f.b.s.c.ChannelImp - [onResponse,309] -  channel protocol handshake success, set socket channel protocol, host: 192.168.1.5:20200, channel protocol: ChannelProtocol [protocol=3, nodeVersion=2.11.0, EnumProtocol=VERSION_3]
00:16:25.162 [restartedMain] INFO  o.f.b.s.c.ChannelImp - [checkConnectionsToStartPeriodTask,126] -  Connect to  nodes: 192.168.1.5:20200, 
00:16:25.162 [restartedMain] INFO  o.f.bcos.sdk.BcosSDK - [<init>,77] - create BcosSDK, start channel success, cryptoType: 0
00:16:25.171 [restartedMain] INFO  o.f.bcos.sdk.BcosSDK - [<init>,87] - create BcosSDK, start channel succ, channelProcessorThreadSize: 16, receiptProcessorThreadSize: 16
00:16:25.191 [restartedMain] INFO  o.f.b.s.s.GroupManagerServiceImpl - [registerBlockNumberNotifyHandler,260] - registerBlockNumberNotifyHandler
00:16:25.194 [restartedMain] INFO  o.f.b.s.s.GroupManagerServiceImpl - [registerTransactionNotifyHandler,282] - registerTransactionNotifyHandler
00:16:25.233 [restartedMain] INFO  o.f.bcos.sdk.BcosSDK - [<init>,98] - create BcosSDK, create groupManagerService success
00:16:26.357 [restartedMain] INFO  o.f.b.s.amop.AmopImp - [sendSubscribe,216] - update subscribe inform 1 peers
00:16:26.373 [restartedMain] INFO  o.f.b.s.amop.AmopImp - [start,188] - amop module started
00:16:26.373 [restartedMain] INFO  o.f.b.s.amop.AmopImp - [sendSubscribe,216] - update subscribe inform 1 peers
00:16:26.373 [restartedMain] INFO  o.f.bcos.sdk.BcosSDK - [<init>,103] - create BcosSDK, create Amop success
00:16:26.411 [restartedMain] INFO  o.f.b.s.c.Client - [build,114] - build client success for group 1, crypto type 0
00:16:26.411 [restartedMain] INFO  o.f.bcos.sdk.BcosSDK - [getClient,178] - create client for group 1 success
00:16:26.417 [restartedMain] INFO  c.f.I.c.SdkBeanConfig - [client,55] - Chain connect successful. Current block number 452
00:16:27.774 [restartedMain] INFO  c.a.d.p.DruidDataSource - [init,998] - {dataSource-1} inited
00:16:29.983 [restartedMain] INFO  o.q.i.StdSchedulerFactory - [instantiate,1220] - Using default implementation for ThreadExecutor
00:16:30.008 [restartedMain] INFO  o.q.c.SchedulerSignalerImpl - [<init>,61] - Initialized Scheduler Signaller of type: class org.quartz.core.SchedulerSignalerImpl
00:16:30.008 [restartedMain] INFO  o.q.c.QuartzScheduler - [<init>,229] - Quartz Scheduler v.2.3.2 created.
00:16:30.023 [restartedMain] INFO  o.q.c.QuartzScheduler - [initialize,294] - Scheduler meta-data: Quartz Scheduler (v2.3.2) 'RuoyiScheduler' with instanceId 'WenCheng-Pro161765383389986'
  Scheduler class: 'org.quartz.core.QuartzScheduler' - running locally.
  NOT STARTED.
  Currently in standby mode.
  Number of jobs executed: 0
  Using thread pool 'org.quartz.simpl.SimpleThreadPool' - with 20 threads.
  Using job-store 'org.springframework.scheduling.quartz.LocalDataSourceJobStore' - which supports persistence. and is clustered.

00:16:30.023 [restartedMain] INFO  o.q.i.StdSchedulerFactory - [instantiate,1374] - Quartz scheduler 'RuoyiScheduler' initialized from an externally provided properties instance.
00:16:30.023 [restartedMain] INFO  o.q.i.StdSchedulerFactory - [instantiate,1378] - Quartz scheduler version: 2.3.2
00:16:30.027 [restartedMain] INFO  o.q.c.QuartzScheduler - [setJobFactory,2293] - JobFactory set to: org.springframework.scheduling.quartz.AdaptableJobFactory@2a2aeda8
00:16:32.072 [restartedMain] INFO  c.f.a.u.DeviceStatusUtil - [lambda$initializeSensorCommands$2,100] - 加载传感器指令 - 类型：1，指令：01 03 00 00 00 02 C4 0B
00:16:32.074 [restartedMain] INFO  c.f.a.u.DeviceStatusUtil - [lambda$initializeSensorCommands$2,100] - 加载传感器指令 - 类型：2，指令：02 03 01 F4 00 08 04 31
00:16:32.074 [restartedMain] INFO  c.f.a.u.DeviceStatusUtil - [lambda$initializeSensorCommands$2,100] - 加载传感器指令 - 类型：3，指令：03 03 00 00 00 01 85 E8
00:16:32.074 [restartedMain] INFO  c.f.a.u.DeviceStatusUtil - [lambda$initializeSensorCommands$2,100] - 加载传感器指令 - 类型：4，指令：04 03 00 00 00 02 C4 5E
00:16:32.074 [restartedMain] INFO  c.f.a.u.DeviceStatusUtil - [lambda$initializeSensorCommands$2,100] - 加载传感器指令 - 类型：5，指令：05 03 00 00 00 01 85 8E
00:16:32.074 [restartedMain] INFO  c.f.a.u.DeviceStatusUtil - [lambda$initializeSensorCommands$2,100] - 加载传感器指令 - 类型：6，指令：06 03 00 00 00 04 45 BE
00:16:32.074 [restartedMain] INFO  c.f.a.u.DeviceStatusUtil - [lambda$initializeSensorCommands$2,100] - 加载传感器指令 - 类型：8，指令：08 03 00 05 00 03 15 53
00:16:32.074 [restartedMain] INFO  c.f.a.u.DeviceStatusUtil - [lambda$initializeSensorCommands$2,100] - 加载传感器指令 - 类型：2452，指令：254
00:16:32.077 [restartedMain] INFO  c.f.a.u.ThresholdConfigUtil - [initializeThresholdConfig,57] - 传感器阈值配置初始化完成，共配置8个参数阈值
00:16:37.840 [restartedMain] INFO  o.a.c.h.Http11NioProtocol - [log,173] - Starting ProtocolHandler ["http-nio-8081"]
00:16:39.095 [restartedMain] INFO  c.f.FrogApplication - [logStarted,61] - Started FrogApplication in 34.701 seconds (JVM running for 37.81)
00:16:40.037 [Quartz Scheduler [RuoyiScheduler]] INFO  o.q.c.QuartzScheduler - [start,547] - Scheduler RuoyiScheduler_$_WenCheng-Pro161765383389986 started.
00:16:41.432 [http-nio-8081-exec-2] INFO  o.a.c.c.C.[.[.[/] - [log,173] - Initializing Spring DispatcherServlet 'dispatcherServlet'
00:16:41.812 [http-nio-8081-exec-1] INFO  c.f.a.w.AlertWebSocketServer - [onOpen,38] - 收到新的连接请求，clientId: client_1765382130440_lzfgfsz2a
00:16:41.814 [http-nio-8081-exec-1] INFO  c.f.a.w.AlertWebSocketServer - [onOpen,53] - 客户端 client_1765382130440_lzfgfsz2a 连接成功，当前在线数：1
00:16:56.941 [http-nio-8081-exec-4] INFO  c.f.a.w.AlertWebSocketServer - [onClose,60] - 客户端 client_1765382130440_lzfgfsz2a 断开连接，当前在线数：0
00:17:01.976 [http-nio-8081-exec-10] INFO  c.f.a.w.AlertWebSocketServer - [onOpen,38] - 收到新的连接请求，clientId: client_1765382130440_lzfgfsz2a
00:17:01.976 [http-nio-8081-exec-10] INFO  c.f.a.w.AlertWebSocketServer - [onOpen,53] - 客户端 client_1765382130440_lzfgfsz2a 连接成功，当前在线数：1
00:18:29.781 [http-nio-8081-exec-9] INFO  c.f.a.w.AlertWebSocketServer - [onClose,60] - 客户端 client_1765382130440_lzfgfsz2a 断开连接，当前在线数：0
00:21:29.227 [Thread-71] INFO  o.q.c.QuartzScheduler - [standby,585] - Scheduler RuoyiScheduler_$_WenCheng-Pro161765383389986 paused.
00:21:30.425 [Thread-71] INFO  o.q.c.QuartzScheduler - [shutdown,666] - Scheduler RuoyiScheduler_$_WenCheng-Pro161765383389986 shutting down.
00:21:30.425 [Thread-71] INFO  o.q.c.QuartzScheduler - [standby,585] - Scheduler RuoyiScheduler_$_WenCheng-Pro161765383389986 paused.
00:21:30.427 [Thread-71] INFO  o.q.c.QuartzScheduler - [shutdown,740] - Scheduler RuoyiScheduler_$_WenCheng-Pro161765383389986 shutdown complete.
00:21:30.427 [Thread-71] INFO  sys-user - [shutdownAsyncManager,31] - ====关闭后台任务任务线程池====
00:21:30.436 [Thread-71] INFO  c.a.d.p.DruidDataSource - [close,2071] - {dataSource-1} closing ...
00:21:30.453 [Thread-71] INFO  c.a.d.p.DruidDataSource - [close,2144] - {dataSource-1} closed
00:21:31.673 [restartedMain] INFO  c.f.FrogApplication - [logStarting,55] - Starting FrogApplication using Java 1.8.0_333 on WenCheng-Pro16 with PID 27784 (D:\zhnlrjcs\znwl-agriculture-server-no\frog-admin\target\classes started by Wen Yi in D:\zhnlrjcs\znwl-agriculture-server-no)
00:21:31.673 [restartedMain] INFO  c.f.FrogApplication - [logStartupProfileInfo,659] - No active profile set, falling back to default profiles: default
00:21:39.573 [restartedMain] INFO  o.a.c.h.Http11NioProtocol - [log,173] - Initializing ProtocolHandler ["http-nio-8081"]
00:21:39.574 [restartedMain] INFO  o.a.c.c.StandardService - [log,173] - Starting service [Tomcat]
00:21:39.574 [restartedMain] INFO  o.a.c.c.StandardEngine - [log,173] - Starting Servlet engine: [Apache Tomcat/9.0.54]
00:21:39.700 [restartedMain] INFO  o.a.c.c.C.[.[.[/] - [log,173] - Initializing Spring embedded WebApplicationContext
00:21:42.397 [restartedMain] INFO  o.f.b.s.n.ConnectionManager - [<init>,88] -  all connections, size: 1, list: [ConnectionInfo{host='192.168.1.5', port=20200}]
00:21:42.397 [restartedMain] INFO  o.f.b.s.n.NetworkImp - [start,167] - 
* TRACE INFORMATION:
----------------------------
====> STEP1: try to connect nodes with ecdsa context...

00:21:42.397 [restartedMain] INFO  o.f.b.s.n.NetworkImp - [start,174] - ====> <==== STEP1-1: Load certificates for ecdsa context success..., start connManager with ECDSA sslContext
00:21:42.422 [restartedMain] INFO  o.f.b.s.n.ConnectionManager - [initSslContext,238] -  build ECDSA ssl context with configured certificates 
00:21:42.439 [restartedMain] INFO  o.f.b.s.n.ConnectionManager - [checkConnectionResult,402] -  ssl handshake success 192.168.1.5:20200
00:21:42.439 [nioEventLoopGroup-8-1] INFO  o.f.b.s.n.ChannelHandler - [userEventTriggered,73] -  handshake success, host: 192.168.1.5, port: 20200, ctx: 1765066896
00:21:42.441 [nioEventLoopGroup-8-1] INFO  o.f.b.s.c.ChannelImp - [onResponse,225] -  node: ClientVersion{version='2.11.0', supportedVersion='2.11.0', chainId='1', buildTime='20240520 01:38:47', buildType='Linux/g++/Release', gitBranch='HEAD', gitCommitHash='bee4dda033297443f02774973445d954933db885'}, content: {"id":1,"jsonrpc":"2.0","result":{"Build Time":"20240520 01:38:47","Build Type":"Linux/g++/Release","Chain Id":"1","FISCO-BCOS Version":"2.11.0","Git Branch":"HEAD","Git Commit Hash":"bee4dda033297443f02774973445d954933db885","Supported Version":"2.11.0"}}

00:21:42.441 [nioEventLoopGroup-8-1] INFO  o.f.b.s.c.ChannelImp - [onResponse,233] -  support channel handshake node
00:21:42.443 [nioEventLoopGroup-8-1] INFO  o.f.b.s.c.ChannelImp - [onResponse,309] -  channel protocol handshake success, set socket channel protocol, host: 192.168.1.5:20200, channel protocol: ChannelProtocol [protocol=3, nodeVersion=2.11.0, EnumProtocol=VERSION_3]
00:21:42.483 [restartedMain] INFO  o.f.b.s.c.ChannelImp - [checkConnectionsToStartPeriodTask,126] -  Connect to  nodes: 192.168.1.5:20200, 
00:21:42.484 [restartedMain] INFO  o.f.bcos.sdk.BcosSDK - [<init>,77] - create BcosSDK, start channel success, cryptoType: 0
00:21:42.484 [restartedMain] INFO  o.f.bcos.sdk.BcosSDK - [<init>,87] - create BcosSDK, start channel succ, channelProcessorThreadSize: 16, receiptProcessorThreadSize: 16
00:21:42.485 [restartedMain] INFO  o.f.b.s.s.GroupManagerServiceImpl - [registerBlockNumberNotifyHandler,260] - registerBlockNumberNotifyHandler
00:21:42.485 [restartedMain] INFO  o.f.b.s.s.GroupManagerServiceImpl - [registerTransactionNotifyHandler,282] - registerTransactionNotifyHandler
00:21:42.491 [restartedMain] INFO  o.f.bcos.sdk.BcosSDK - [<init>,98] - create BcosSDK, create groupManagerService success
00:21:42.547 [restartedMain] INFO  o.f.b.s.amop.AmopImp - [sendSubscribe,216] - update subscribe inform 1 peers
00:21:42.547 [restartedMain] INFO  o.f.b.s.amop.AmopImp - [start,188] - amop module started
00:21:42.548 [restartedMain] INFO  o.f.b.s.amop.AmopImp - [sendSubscribe,216] - update subscribe inform 1 peers
00:21:42.548 [restartedMain] INFO  o.f.bcos.sdk.BcosSDK - [<init>,103] - create BcosSDK, create Amop success
00:21:42.572 [restartedMain] INFO  o.f.b.s.c.Client - [build,114] - build client success for group 1, crypto type 0
00:21:42.573 [restartedMain] INFO  o.f.bcos.sdk.BcosSDK - [getClient,178] - create client for group 1 success
00:21:42.576 [restartedMain] INFO  c.f.I.c.SdkBeanConfig - [client,55] - Chain connect successful. Current block number 452
00:21:43.258 [restartedMain] INFO  c.a.d.p.DruidDataSource - [init,998] - {dataSource-2} inited
00:21:44.348 [restartedMain] INFO  o.q.i.StdSchedulerFactory - [instantiate,1220] - Using default implementation for ThreadExecutor
00:21:44.350 [restartedMain] INFO  o.q.c.SchedulerSignalerImpl - [<init>,61] - Initialized Scheduler Signaller of type: class org.quartz.core.SchedulerSignalerImpl
00:21:44.350 [restartedMain] INFO  o.q.c.QuartzScheduler - [<init>,229] - Quartz Scheduler v.2.3.2 created.
00:21:44.351 [restartedMain] INFO  o.q.c.QuartzScheduler - [initialize,294] - Scheduler meta-data: Quartz Scheduler (v2.3.2) 'RuoyiScheduler' with instanceId 'WenCheng-Pro161765383704349'
  Scheduler class: 'org.quartz.core.QuartzScheduler' - running locally.
  NOT STARTED.
  Currently in standby mode.
  Number of jobs executed: 0
  Using thread pool 'org.quartz.simpl.SimpleThreadPool' - with 20 threads.
  Using job-store 'org.springframework.scheduling.quartz.LocalDataSourceJobStore' - which supports persistence. and is clustered.

00:21:44.351 [restartedMain] INFO  o.q.i.StdSchedulerFactory - [instantiate,1374] - Quartz scheduler 'RuoyiScheduler' initialized from an externally provided properties instance.
00:21:44.351 [restartedMain] INFO  o.q.i.StdSchedulerFactory - [instantiate,1378] - Quartz scheduler version: 2.3.2
00:21:44.351 [restartedMain] INFO  o.q.c.QuartzScheduler - [setJobFactory,2293] - JobFactory set to: org.springframework.scheduling.quartz.AdaptableJobFactory@898823c
00:21:46.148 [restartedMain] INFO  c.f.a.u.DeviceStatusUtil - [lambda$initializeSensorCommands$2,100] - 加载传感器指令 - 类型：1，指令：01 03 00 00 00 02 C4 0B
00:21:46.149 [restartedMain] INFO  c.f.a.u.DeviceStatusUtil - [lambda$initializeSensorCommands$2,100] - 加载传感器指令 - 类型：2，指令：02 03 01 F4 00 08 04 31
00:21:46.149 [restartedMain] INFO  c.f.a.u.DeviceStatusUtil - [lambda$initializeSensorCommands$2,100] - 加载传感器指令 - 类型：3，指令：03 03 00 00 00 01 85 E8
00:21:46.149 [restartedMain] INFO  c.f.a.u.DeviceStatusUtil - [lambda$initializeSensorCommands$2,100] - 加载传感器指令 - 类型：4，指令：04 03 00 00 00 02 C4 5E
00:21:46.149 [restartedMain] INFO  c.f.a.u.DeviceStatusUtil - [lambda$initializeSensorCommands$2,100] - 加载传感器指令 - 类型：5，指令：05 03 00 00 00 01 85 8E
00:21:46.149 [restartedMain] INFO  c.f.a.u.DeviceStatusUtil - [lambda$initializeSensorCommands$2,100] - 加载传感器指令 - 类型：6，指令：06 03 00 00 00 04 45 BE
00:21:46.149 [restartedMain] INFO  c.f.a.u.DeviceStatusUtil - [lambda$initializeSensorCommands$2,100] - 加载传感器指令 - 类型：8，指令：08 03 00 05 00 03 15 53
00:21:46.149 [restartedMain] INFO  c.f.a.u.DeviceStatusUtil - [lambda$initializeSensorCommands$2,100] - 加载传感器指令 - 类型：2452，指令：254
00:21:46.152 [restartedMain] INFO  c.f.a.u.ThresholdConfigUtil - [initializeThresholdConfig,57] - 传感器阈值配置初始化完成，共配置8个参数阈值
00:21:50.468 [restartedMain] INFO  c.f.FrogApplication - [logStarted,61] - Started FrogApplication in 19.104 seconds (JVM running for 349.184)
00:21:51.479 [Quartz Scheduler [RuoyiScheduler]] INFO  o.q.c.QuartzScheduler - [start,547] - Scheduler RuoyiScheduler_$_WenCheng-Pro161765383704349 started.
00:21:51.598 [SpringApplicationShutdownHook] INFO  o.q.c.QuartzScheduler - [shutdown,666] - Scheduler RuoyiScheduler_$_WenCheng-Pro161765383704349 shutting down.
00:21:51.598 [SpringApplicationShutdownHook] INFO  o.q.c.QuartzScheduler - [standby,585] - Scheduler RuoyiScheduler_$_WenCheng-Pro161765383704349 paused.
00:21:51.598 [SpringApplicationShutdownHook] INFO  o.q.c.QuartzScheduler - [shutdown,740] - Scheduler RuoyiScheduler_$_WenCheng-Pro161765383704349 shutdown complete.
00:21:51.600 [SpringApplicationShutdownHook] INFO  sys-user - [shutdownAsyncManager,31] - ====关闭后台任务任务线程池====
00:21:51.608 [SpringApplicationShutdownHook] INFO  c.a.d.p.DruidDataSource - [close,2071] - {dataSource-2} closing ...
00:21:51.614 [SpringApplicationShutdownHook] INFO  c.a.d.p.DruidDataSource - [close,2144] - {dataSource-2} closed
00:22:28.155 [restartedMain] INFO  c.f.FrogApplication - [logStarting,55] - Starting FrogApplication using Java 1.8.0_333 on WenCheng-Pro16 with PID 14992 (D:\zhnlrjcs\znwl-agriculture-server-no\frog-admin\target\classes started by Wen Yi in D:\zhnlrjcs\znwl-agriculture-server-no)
00:22:28.161 [restartedMain] INFO  c.f.FrogApplication - [logStartupProfileInfo,659] - No active profile set, falling back to default profiles: default
00:22:28.198 [background-preinit] INFO  o.h.v.i.util.Version - [<clinit>,21] - HV000001: Hibernate Validator 6.2.0.Final
00:22:37.515 [restartedMain] INFO  o.a.c.h.Http11NioProtocol - [log,173] - Initializing ProtocolHandler ["http-nio-8081"]
00:22:37.517 [restartedMain] INFO  o.a.c.c.StandardService - [log,173] - Starting service [Tomcat]
00:22:37.517 [restartedMain] INFO  o.a.c.c.StandardEngine - [log,173] - Starting Servlet engine: [Apache Tomcat/9.0.54]
00:22:37.956 [restartedMain] INFO  o.a.c.c.C.[.[.[/] - [log,173] - Initializing Spring embedded WebApplicationContext
00:22:45.862 [restartedMain] INFO  o.f.b.s.n.ConnectionManager - [<init>,88] -  all connections, size: 1, list: [ConnectionInfo{host='192.168.1.5', port=20200}]
00:22:45.863 [restartedMain] INFO  o.f.b.s.n.NetworkImp - [start,167] - 
* TRACE INFORMATION:
----------------------------
====> STEP1: try to connect nodes with ecdsa context...

00:22:45.865 [restartedMain] INFO  o.f.b.s.n.NetworkImp - [start,174] - ====> <==== STEP1-1: Load certificates for ecdsa context success..., start connManager with ECDSA sslContext
00:22:45.927 [restartedMain] INFO  o.f.b.s.n.ConnectionManager - [initSslContext,238] -  build ECDSA ssl context with configured certificates 
00:22:50.243 [restartedMain] INFO  o.f.b.s.n.ConnectionManager - [checkConnectionResult,402] -  ssl handshake success 192.168.1.5:20200
00:22:50.248 [nioEventLoopGroup-4-1] INFO  o.f.b.s.n.ChannelHandler - [userEventTriggered,73] -  handshake success, host: 192.168.1.5, port: 20200, ctx: 1347691488
00:22:50.463 [nioEventLoopGroup-4-1] INFO  o.f.b.s.c.ChannelImp - [onResponse,225] -  node: ClientVersion{version='2.11.0', supportedVersion='2.11.0', chainId='1', buildTime='20240520 01:38:47', buildType='Linux/g++/Release', gitBranch='HEAD', gitCommitHash='bee4dda033297443f02774973445d954933db885'}, content: {"id":0,"jsonrpc":"2.0","result":{"Build Time":"20240520 01:38:47","Build Type":"Linux/g++/Release","Chain Id":"1","FISCO-BCOS Version":"2.11.0","Git Branch":"HEAD","Git Commit Hash":"bee4dda033297443f02774973445d954933db885","Supported Version":"2.11.0"}}

00:22:50.467 [nioEventLoopGroup-4-1] INFO  o.f.b.s.c.ChannelImp - [onResponse,233] -  support channel handshake node
00:22:50.478 [nioEventLoopGroup-4-1] INFO  o.f.b.s.c.ChannelImp - [onResponse,309] -  channel protocol handshake success, set socket channel protocol, host: 192.168.1.5:20200, channel protocol: ChannelProtocol [protocol=3, nodeVersion=2.11.0, EnumProtocol=VERSION_3]
00:22:50.495 [restartedMain] INFO  o.f.b.s.c.ChannelImp - [checkConnectionsToStartPeriodTask,126] -  Connect to  nodes: 192.168.1.5:20200, 
00:22:50.496 [restartedMain] INFO  o.f.bcos.sdk.BcosSDK - [<init>,77] - create BcosSDK, start channel success, cryptoType: 0
00:22:50.504 [restartedMain] INFO  o.f.bcos.sdk.BcosSDK - [<init>,87] - create BcosSDK, start channel succ, channelProcessorThreadSize: 16, receiptProcessorThreadSize: 16
00:22:50.525 [restartedMain] INFO  o.f.b.s.s.GroupManagerServiceImpl - [registerBlockNumberNotifyHandler,260] - registerBlockNumberNotifyHandler
00:22:50.527 [restartedMain] INFO  o.f.b.s.s.GroupManagerServiceImpl - [registerTransactionNotifyHandler,282] - registerTransactionNotifyHandler
00:22:50.571 [restartedMain] INFO  o.f.bcos.sdk.BcosSDK - [<init>,98] - create BcosSDK, create groupManagerService success
00:22:52.040 [restartedMain] INFO  o.f.b.s.amop.AmopImp - [sendSubscribe,216] - update subscribe inform 1 peers
00:22:52.059 [restartedMain] INFO  o.f.b.s.amop.AmopImp - [start,188] - amop module started
00:22:52.060 [restartedMain] INFO  o.f.b.s.amop.AmopImp - [sendSubscribe,216] - update subscribe inform 1 peers
00:22:52.060 [restartedMain] INFO  o.f.bcos.sdk.BcosSDK - [<init>,103] - create BcosSDK, create Amop success
00:22:52.107 [restartedMain] INFO  o.f.b.s.c.Client - [build,114] - build client success for group 1, crypto type 0
00:22:52.108 [restartedMain] INFO  o.f.bcos.sdk.BcosSDK - [getClient,178] - create client for group 1 success
00:22:52.114 [restartedMain] INFO  c.f.I.c.SdkBeanConfig - [client,55] - Chain connect successful. Current block number 452
00:22:53.624 [restartedMain] INFO  c.a.d.p.DruidDataSource - [init,998] - {dataSource-1} inited
00:22:56.525 [restartedMain] INFO  o.q.i.StdSchedulerFactory - [instantiate,1220] - Using default implementation for ThreadExecutor
00:22:56.552 [restartedMain] INFO  o.q.c.SchedulerSignalerImpl - [<init>,61] - Initialized Scheduler Signaller of type: class org.quartz.core.SchedulerSignalerImpl
00:22:56.552 [restartedMain] INFO  o.q.c.QuartzScheduler - [<init>,229] - Quartz Scheduler v.2.3.2 created.
00:22:56.566 [restartedMain] INFO  o.q.c.QuartzScheduler - [initialize,294] - Scheduler meta-data: Quartz Scheduler (v2.3.2) 'RuoyiScheduler' with instanceId 'WenCheng-Pro161765383776528'
  Scheduler class: 'org.quartz.core.QuartzScheduler' - running locally.
  NOT STARTED.
  Currently in standby mode.
  Number of jobs executed: 0
  Using thread pool 'org.quartz.simpl.SimpleThreadPool' - with 20 threads.
  Using job-store 'org.springframework.scheduling.quartz.LocalDataSourceJobStore' - which supports persistence. and is clustered.

00:22:56.567 [restartedMain] INFO  o.q.i.StdSchedulerFactory - [instantiate,1374] - Quartz scheduler 'RuoyiScheduler' initialized from an externally provided properties instance.
00:22:56.567 [restartedMain] INFO  o.q.i.StdSchedulerFactory - [instantiate,1378] - Quartz scheduler version: 2.3.2
00:22:56.570 [restartedMain] INFO  o.q.c.QuartzScheduler - [setJobFactory,2293] - JobFactory set to: org.springframework.scheduling.quartz.AdaptableJobFactory@193276fe
00:22:59.555 [restartedMain] INFO  c.f.a.u.DeviceStatusUtil - [lambda$initializeSensorCommands$2,100] - 加载传感器指令 - 类型：1，指令：01 03 00 00 00 02 C4 0B
00:22:59.555 [restartedMain] INFO  c.f.a.u.DeviceStatusUtil - [lambda$initializeSensorCommands$2,100] - 加载传感器指令 - 类型：2，指令：02 03 01 F4 00 08 04 31
00:22:59.555 [restartedMain] INFO  c.f.a.u.DeviceStatusUtil - [lambda$initializeSensorCommands$2,100] - 加载传感器指令 - 类型：3，指令：03 03 00 00 00 01 85 E8
00:22:59.555 [restartedMain] INFO  c.f.a.u.DeviceStatusUtil - [lambda$initializeSensorCommands$2,100] - 加载传感器指令 - 类型：4，指令：04 03 00 00 00 02 C4 5E
00:22:59.555 [restartedMain] INFO  c.f.a.u.DeviceStatusUtil - [lambda$initializeSensorCommands$2,100] - 加载传感器指令 - 类型：5，指令：05 03 00 00 00 01 85 8E
00:22:59.556 [restartedMain] INFO  c.f.a.u.DeviceStatusUtil - [lambda$initializeSensorCommands$2,100] - 加载传感器指令 - 类型：6，指令：06 03 00 00 00 04 45 BE
00:22:59.556 [restartedMain] INFO  c.f.a.u.DeviceStatusUtil - [lambda$initializeSensorCommands$2,100] - 加载传感器指令 - 类型：8，指令：08 03 00 05 00 03 15 53
00:22:59.556 [restartedMain] INFO  c.f.a.u.DeviceStatusUtil - [lambda$initializeSensorCommands$2,100] - 加载传感器指令 - 类型：2452，指令：254
00:22:59.558 [restartedMain] INFO  c.f.a.u.ThresholdConfigUtil - [initializeThresholdConfig,57] - 传感器阈值配置初始化完成，共配置8个参数阈值
00:23:08.013 [restartedMain] INFO  o.a.c.h.Http11NioProtocol - [log,173] - Starting ProtocolHandler ["http-nio-8081"]
00:23:08.489 [http-nio-8081-exec-2] INFO  o.a.c.c.C.[.[.[/] - [log,173] - Initializing Spring DispatcherServlet 'dispatcherServlet'
00:23:09.895 [restartedMain] INFO  c.f.FrogApplication - [logStarted,61] - Started FrogApplication in 42.788 seconds (JVM running for 50.52)
00:23:10.542 [schedule-pool-4] INFO  sys-user - [run,55] - [127.0.0.1]内网IP[admin][Logout][退出成功]
00:23:10.828 [Quartz Scheduler [RuoyiScheduler]] INFO  o.q.c.QuartzScheduler - [start,547] - Scheduler RuoyiScheduler_$_WenCheng-Pro161765383776528 started.
00:23:24.037 [schedule-pool-6] INFO  sys-user - [run,55] - [127.0.0.1]内网IP[admin][Error][用户不存在/密码错误]
00:23:28.729 [schedule-pool-4] INFO  sys-user - [run,55] - [127.0.0.1]内网IP[admin][Success][登录成功]
00:23:30.942 [http-nio-8081-exec-10] INFO  c.f.a.w.AlertWebSocketServer - [onOpen,38] - 收到新的连接请求，clientId: client_1765383810735_vi69qfdog
00:23:30.942 [http-nio-8081-exec-10] INFO  c.f.a.w.AlertWebSocketServer - [onOpen,53] - 客户端 client_1765383810735_vi69qfdog 连接成功，当前在线数：1
