00:04:00.695 [Thread-69] INFO  sys-user - [shutdownAsyncManager,31] - ====关闭后台任务任务线程池====
00:05:49.195 [Thread-96] INFO  sys-user - [shutdownAsyncManager,31] - ====关闭后台任务任务线程池====
00:06:10.400 [SpringApplicationShutdownHook] INFO  sys-user - [shutdownAsyncManager,31] - ====关闭后台任务任务线程池====
00:21:30.427 [Thread-71] INFO  sys-user - [shutdownAsyncManager,31] - ====关闭后台任务任务线程池====
00:21:51.600 [SpringApplicationShutdownHook] INFO  sys-user - [shutdownAsyncManager,31] - ====关闭后台任务任务线程池====
00:23:10.542 [schedule-pool-4] INFO  sys-user - [run,55] - [127.0.0.1]内网IP[admin][Logout][退出成功]
00:23:24.037 [schedule-pool-6] INFO  sys-user - [run,55] - [127.0.0.1]内网IP[admin][Error][用户不存在/密码错误]
00:23:28.729 [schedule-pool-4] INFO  sys-user - [run,55] - [127.0.0.1]内网IP[admin][Success][登录成功]
00:31:02.790 [SpringApplicationShutdownHook] INFO  sys-user - [shutdownAsyncManager,31] - ====关闭后台任务任务线程池====
18:19:49.196 [schedule-pool-16] INFO  sys-user - [run,55] - [127.0.0.1]内网IP[admin][Success][登录成功]
18:21:53.248 [Thread-68] INFO  sys-user - [shutdownAsyncManager,31] - ====关闭后台任务任务线程池====
18:24:08.408 [Thread-87] INFO  sys-user - [shutdownAsyncManager,31] - ====关闭后台任务任务线程池====
18:38:19.101 [Thread-100] INFO  sys-user - [shutdownAsyncManager,31] - ====关闭后台任务任务线程池====
18:42:22.949 [Thread-115] INFO  sys-user - [shutdownAsyncManager,31] - ====关闭后台任务任务线程池====
18:42:40.590 [restartedMain] INFO  sys-user - [shutdownAsyncManager,31] - ====关闭后台任务任务线程池====
19:04:54.618 [SpringApplicationShutdownHook] INFO  sys-user - [shutdownAsyncManager,31] - ====关闭后台任务任务线程池====
19:14:11.075 [SpringApplicationShutdownHook] INFO  sys-user - [shutdownAsyncManager,31] - ====关闭后台任务任务线程池====
19:23:30.950 [SpringApplicationShutdownHook] INFO  sys-user - [shutdownAsyncManager,31] - ====关闭后台任务任务线程池====
19:31:55.444 [SpringApplicationShutdownHook] INFO  sys-user - [shutdownAsyncManager,31] - ====关闭后台任务任务线程池====
19:48:16.509 [Thread-68] INFO  sys-user - [shutdownAsyncManager,31] - ====关闭后台任务任务线程池====
19:48:33.139 [restartedMain] INFO  sys-user - [shutdownAsyncManager,31] - ====关闭后台任务任务线程池====
20:05:37.094 [Thread-105] INFO  sys-user - [shutdownAsyncManager,31] - ====关闭后台任务任务线程池====
20:07:02.158 [Thread-125] INFO  sys-user - [shutdownAsyncManager,31] - ====关闭后台任务任务线程池====
20:07:25.508 [SpringApplicationShutdownHook] INFO  sys-user - [shutdownAsyncManager,31] - ====关闭后台任务任务线程池====
20:15:44.830 [Thread-68] INFO  sys-user - [shutdownAsyncManager,31] - ====关闭后台任务任务线程池====
20:16:52.434 [Thread-97] INFO  sys-user - [shutdownAsyncManager,31] - ====关闭后台任务任务线程池====
20:17:09.967 [SpringApplicationShutdownHook] INFO  sys-user - [shutdownAsyncManager,31] - ====关闭后台任务任务线程池====
20:27:39.934 [Thread-67] INFO  sys-user - [shutdownAsyncManager,31] - ====关闭后台任务任务线程池====
20:28:46.467 [SpringApplicationShutdownHook] INFO  sys-user - [shutdownAsyncManager,31] - ====关闭后台任务任务线程池====
20:33:33.130 [Thread-67] INFO  sys-user - [shutdownAsyncManager,31] - ====关闭后台任务任务线程池====
20:33:57.154 [Thread-88] INFO  sys-user - [shutdownAsyncManager,31] - ====关闭后台任务任务线程池====
20:34:44.519 [SpringApplicationShutdownHook] INFO  sys-user - [shutdownAsyncManager,31] - ====关闭后台任务任务线程池====
20:39:28.556 [Thread-67] INFO  sys-user - [shutdownAsyncManager,31] - ====关闭后台任务任务线程池====
20:39:59.637 [SpringApplicationShutdownHook] INFO  sys-user - [shutdownAsyncManager,31] - ====关闭后台任务任务线程池====
20:43:07.090 [Thread-67] INFO  sys-user - [shutdownAsyncManager,31] - ====关闭后台任务任务线程池====
20:43:29.360 [Thread-91] INFO  sys-user - [shutdownAsyncManager,31] - ====关闭后台任务任务线程池====
20:43:58.514 [SpringApplicationShutdownHook] INFO  sys-user - [shutdownAsyncManager,31] - ====关闭后台任务任务线程池====
20:46:43.024 [SpringApplicationShutdownHook] INFO  sys-user - [shutdownAsyncManager,31] - ====关闭后台任务任务线程池====
21:00:48.099 [SpringApplicationShutdownHook] INFO  sys-user - [shutdownAsyncManager,31] - ====关闭后台任务任务线程池====
21:18:46.716 [Thread-70] INFO  sys-user - [shutdownAsyncManager,31] - ====关闭后台任务任务线程池====
21:19:06.024 [SpringApplicationShutdownHook] INFO  sys-user - [shutdownAsyncManager,31] - ====关闭后台任务任务线程池====
21:20:52.750 [Thread-74] INFO  sys-user - [shutdownAsyncManager,31] - ====关闭后台任务任务线程池====
21:21:28.474 [Thread-95] INFO  sys-user - [shutdownAsyncManager,31] - ====关闭后台任务任务线程池====
21:26:51.742 [Thread-74] INFO  sys-user - [shutdownAsyncManager,31] - ====关闭后台任务任务线程池====
21:27:20.433 [Thread-103] INFO  sys-user - [shutdownAsyncManager,31] - ====关闭后台任务任务线程池====
21:27:43.287 [SpringApplicationShutdownHook] INFO  sys-user - [shutdownAsyncManager,31] - ====关闭后台任务任务线程池====
21:28:59.574 [Thread-73] INFO  sys-user - [shutdownAsyncManager,31] - ====关闭后台任务任务线程池====
21:30:38.685 [Thread-96] INFO  sys-user - [shutdownAsyncManager,31] - ====关闭后台任务任务线程池====
21:37:33.370 [SpringApplicationShutdownHook] INFO  sys-user - [shutdownAsyncManager,31] - ====关闭后台任务任务线程池====
21:42:37.914 [Thread-79] INFO  sys-user - [shutdownAsyncManager,31] - ====关闭后台任务任务线程池====
21:54:33.265 [SpringApplicationShutdownHook] INFO  sys-user - [shutdownAsyncManager,31] - ====关闭后台任务任务线程池====
22:10:17.329 [SpringApplicationShutdownHook] INFO  sys-user - [shutdownAsyncManager,31] - ====关闭后台任务任务线程池====
22:20:34.261 [Thread-78] INFO  sys-user - [shutdownAsyncManager,31] - ====关闭后台任务任务线程池====
22:37:02.485 [Thread-110] INFO  sys-user - [shutdownAsyncManager,31] - ====关闭后台任务任务线程池====
22:38:23.829 [Thread-124] INFO  sys-user - [shutdownAsyncManager,31] - ====关闭后台任务任务线程池====
22:41:59.719 [Thread-70] INFO  sys-user - [shutdownAsyncManager,31] - ====关闭后台任务任务线程池====
22:42:58.839 [Thread-92] INFO  sys-user - [shutdownAsyncManager,31] - ====关闭后台任务任务线程池====
22:45:20.670 [Thread-104] INFO  sys-user - [shutdownAsyncManager,31] - ====关闭后台任务任务线程池====
22:48:10.166 [Thread-116] INFO  sys-user - [shutdownAsyncManager,31] - ====关闭后台任务任务线程池====
22:48:26.497 [restartedMain] INFO  sys-user - [shutdownAsyncManager,31] - ====关闭后台任务任务线程池====
23:01:13.668 [SpringApplicationShutdownHook] INFO  sys-user - [shutdownAsyncManager,31] - ====关闭后台任务任务线程池====
23:07:46.116 [schedule-pool-33] INFO  sys-user - [run,55] - [127.0.0.1]内网IP[admin][Error][用户不存在/密码错误]
23:07:54.487 [schedule-pool-35] INFO  sys-user - [run,55] - [127.0.0.1]内网IP[admin][Error][用户不存在/密码错误]
23:08:00.521 [schedule-pool-8] INFO  sys-user - [run,55] - [127.0.0.1]内网IP[admin][Success][登录成功]
23:13:12.814 [Thread-71] INFO  sys-user - [shutdownAsyncManager,31] - ====关闭后台任务任务线程池====
23:13:42.766 [Thread-92] INFO  sys-user - [shutdownAsyncManager,31] - ====关闭后台任务任务线程池====
23:13:59.759 [restartedMain] INFO  sys-user - [shutdownAsyncManager,31] - ====关闭后台任务任务线程池====
23:35:16.768 [Thread-105] INFO  sys-user - [shutdownAsyncManager,31] - ====关闭后台任务任务线程池====
23:40:17.464 [Thread-131] INFO  sys-user - [shutdownAsyncManager,31] - ====关闭后台任务任务线程池====
23:40:30.379 [restartedMain] INFO  sys-user - [shutdownAsyncManager,31] - ====关闭后台任务任务线程池====
23:43:53.174 [SpringApplicationShutdownHook] INFO  sys-user - [shutdownAsyncManager,31] - ====关闭后台任务任务线程池====
